Base path: C:/Program Files (x86)/Unity/Editor/Data
Pipe name: \\.\pipe\UnityShaderCompiler-1-3588
Cmd: getPlatforms
Cmd: preprocess
  insize=427 outsize=1173 ok=1
Cmd: compileSnippet
  api=4 type=0 insize=4279 outsize=2607 kw=DIRECTIONAL SHADOWS_OFF LIGHTMAP_OFF DIRLIGHTMAP_OFF ok=1
Cmd: compileSnippet
  api=4 type=1 insize=4279 outsize=1242 kw=DIRECTIONAL SHADOWS_OFF LIGHTMAP_OFF DIRLIGHTMAP_OFF ok=1
Cmd: compileSnippet
  api=4 type=0 insize=2255 outsize=2875 kw=POINT ok=1
Cmd: compileSnippet
  api=4 type=1 insize=2255 outsize=1542 kw=POINT ok=1
Cmd: compileSnippet
  api=4 type=0 insize=1783 outsize=1477 kw= ok=1
Cmd: compileSnippet
  api=4 type=1 insize=1783 outsize=632 kw= ok=1
Cmd: compileSnippet
  api=4 type=0 insize=3996 outsize=2883 kw=LIGHTMAP_OFF DIRLIGHTMAP_OFF HDR_LIGHT_PREPASS_OFF ok=1
Cmd: compileSnippet
  api=4 type=1 insize=3996 outsize=1152 kw=LIGHTMAP_OFF DIRLIGHTMAP_OFF HDR_LIGHT_PREPASS_OFF ok=1
Cmd: preprocess
  insize=484 outsize=276 ok=1
Cmd: compileSnippet
  error: 2 plat 4 at (20): unrecognized identifier 'SurfaceOutput'
  api=4 type=0 insize=505 outsize=0 kw= ok=0
Cmd: preprocess
  insize=761 outsize=276 ok=1
Cmd: compileSnippet
  error: 2 plat 4 at (23): syntax error: unexpected token 'struct'
  api=4 type=0 insize=782 outsize=0 kw= ok=0
Cmd: preprocess
  insize=764 outsize=276 ok=1
Cmd: compileSnippet
  error: 2 plat 4 at (33): undeclared identifier 'TRANSFORM_TEX'
  api=4 type=0 insize=785 outsize=0 kw= ok=0
Cmd: preprocess
  insize=792 outsize=276 ok=1
Cmd: compileSnippet
  api=4 type=0 insize=813 outsize=1071 kw= ok=1
Cmd: compileSnippet
  api=4 type=1 insize=813 outsize=600 kw= ok=1
Cmd: preprocess
  insize=772 outsize=256 ok=1
Cmd: preprocess
  insize=817 outsize=276 ok=1
Cmd: compileSnippet
  api=4 type=0 insize=838 outsize=1071 kw= ok=1
Cmd: compileSnippet
  api=4 type=1 insize=838 outsize=600 kw= ok=1
Cmd: preprocess
  insize=783 outsize=276 ok=1
Cmd: compileSnippet
  api=4 type=0 insize=804 outsize=1071 kw= ok=1
Cmd: compileSnippet
  api=4 type=1 insize=804 outsize=600 kw= ok=1
Cmd: preprocess
  insize=819 outsize=276 ok=1
Cmd: compileSnippet
  api=4 type=0 insize=840 outsize=1071 kw= ok=1
Cmd: compileSnippet
  api=4 type=1 insize=840 outsize=600 kw= ok=1
Cmd: preprocess
  insize=860 outsize=290 ok=1
Cmd: compileSnippet
  api=4 type=0 insize=867 outsize=1071 kw= ok=1
Cmd: compileSnippet
  api=4 type=1 insize=867 outsize=600 kw= ok=1
Cmd: preprocess
  insize=865 outsize=295 ok=1
Cmd: compileSnippet
  api=4 type=0 insize=869 outsize=1071 kw= ok=1
Cmd: compileSnippet
  api=4 type=1 insize=869 outsize=600 kw= ok=1
Cmd: preprocess
  insize=1041 outsize=471 ok=1
Cmd: compileSnippet
  api=4 type=0 insize=869 outsize=1071 kw= ok=1
Cmd: compileSnippet
  api=4 type=1 insize=869 outsize=600 kw= ok=1
Cmd: preprocess
  insize=1048 outsize=478 ok=1
Cmd: preprocess
  insize=1119 outsize=478 ok=1
Cmd: compileSnippet
  error: 2 plat 4 at (49): invalid subscript 'uv'
  api=4 type=0 insize=940 outsize=0 kw=DUMMY ok=0
Cmd: preprocess
  insize=1125 outsize=478 ok=1
Cmd: compileSnippet
  api=4 type=0 insize=946 outsize=990 kw=DUMMY ok=1
Cmd: compileSnippet
  error: 1 plat 4 at (49): implicit truncation of vector type
  error: 2 plat 4 at (54): 'frag': Not all control paths return a value
  api=4 type=1 insize=946 outsize=0 kw=DUMMY ok=0
Cmd: preprocess
  insize=1142 outsize=478 ok=1
Cmd: compileSnippet
  api=4 type=0 insize=963 outsize=990 kw=DUMMY ok=1
Cmd: compileSnippet
  api=4 type=1 insize=963 outsize=697 kw=DUMMY ok=1
Cmd: preprocess
  insize=1140 outsize=478 ok=1
Cmd: compileSnippet
  api=4 type=0 insize=961 outsize=990 kw=DUMMY ok=1
Cmd: compileSnippet
  api=4 type=1 insize=961 outsize=697 kw=DUMMY ok=1
Cmd: preprocess
  insize=1246 outsize=478 ok=1
Cmd: compileSnippet
  error: 1 plat 4 at (49): implicit truncation of vector type
  error: 2 plat 4 at (66): syntax error: unexpected token 'return'
  api=4 type=0 insize=1064 outsize=0 kw=DUMMY ok=0
Cmd: preprocess
  insize=1247 outsize=478 ok=1
Cmd: compileSnippet
  api=4 type=0 insize=1065 outsize=990 kw=DUMMY ok=1
Cmd: compileSnippet
  api=4 type=1 insize=1065 outsize=941 kw=DUMMY ok=1
Cmd: preprocess
  insize=1251 outsize=478 ok=1
Cmd: compileSnippet
  api=4 type=0 insize=1069 outsize=990 kw=DUMMY ok=1
Cmd: compileSnippet
  api=4 type=1 insize=1069 outsize=697 kw=DUMMY ok=1
Cmd: preprocess
  insize=1226 outsize=478 ok=1
Cmd: compileSnippet
  api=4 type=0 insize=1044 outsize=990 kw=DUMMY ok=1
Cmd: compileSnippet
  api=4 type=1 insize=1044 outsize=925 kw=DUMMY ok=1
Cmd: preprocess
  insize=1226 outsize=477 ok=1
Cmd: compileSnippet
  api=4 type=0 insize=1044 outsize=990 kw=DUMMY ok=1
Cmd: compileSnippet
  api=4 type=1 insize=1044 outsize=925 kw=DUMMY ok=1
Cmd: preprocess
  insize=1112 outsize=478 ok=1
Cmd: compileSnippet
  api=4 type=0 insize=933 outsize=990 kw=DUMMY ok=1
Cmd: compileSnippet
  api=4 type=1 insize=933 outsize=697 kw=DUMMY ok=1
Cmd: preprocess
  insize=1229 outsize=478 ok=1
Cmd: compileSnippet
  api=4 type=0 insize=1047 outsize=990 kw=DUMMY ok=1
Cmd: compileSnippet
  api=4 type=1 insize=1047 outsize=925 kw=DUMMY ok=1
Cmd: preprocess
  insize=1229 outsize=478 ok=1
Cmd: compileSnippet
  api=4 type=0 insize=1047 outsize=990 kw=DUMMY ok=1
Cmd: compileSnippet
  api=4 type=1 insize=1047 outsize=925 kw=DUMMY ok=1
Cmd: preprocess
  insize=1231 outsize=478 ok=1
Cmd: compileSnippet
  api=4 type=0 insize=1049 outsize=990 kw=DUMMY ok=1
Cmd: compileSnippet
  api=4 type=1 insize=1049 outsize=925 kw=DUMMY ok=1
Cmd: preprocess
  insize=1231 outsize=478 ok=1
Cmd: compileSnippet
  api=4 type=0 insize=1049 outsize=990 kw=DUMMY ok=1
Cmd: compileSnippet
  api=4 type=1 insize=1049 outsize=925 kw=DUMMY ok=1
Cmd: preprocess
  insize=1231 outsize=478 ok=1
Cmd: preprocess
  insize=1235 outsize=478 ok=1
Cmd: compileSnippet
  api=4 type=0 insize=1053 outsize=990 kw=DUMMY ok=1
Cmd: compileSnippet
  api=4 type=1 insize=1053 outsize=697 kw=DUMMY ok=1
Cmd: preprocess
  insize=1228 outsize=471 ok=1
Cmd: preprocess
  insize=1227 outsize=470 ok=1
Cmd: preprocess
  insize=1222 outsize=465 ok=1
